/mnt/ceph/beau4371/.conda/envs/keeya_env/lib/python3.9/site-packages/obspy/io/stationxml/core.py:91: UserWarning: The StationXML file has version 1.2, ObsPy can read versions (1.0, 1.1). Proceed with caution.
  warnings.warn("The StationXML file has version %s, ObsPy can "
/mnt/ceph/beau4371/.conda/envs/keeya_env/lib/python3.9/site-packages/obspy/io/stationxml/core.py:91: UserWarning: The StationXML file has version 1.2, ObsPy can read versions (1.0, 1.1). Proceed with caution.
  warnings.warn("The StationXML file has version %s, ObsPy can "
/mnt/ceph/beau4371/.conda/envs/keeya_env/lib/python3.9/site-packages/obspy/io/stationxml/core.py:91: UserWarning: The StationXML file has version 1.2, ObsPy can read versions (1.0, 1.1). Proceed with caution.
  warnings.warn("The StationXML file has version %s, ObsPy can "
[121]
1
/mnt/ceph/beau4371/.conda/envs/keeya_env/lib/python3.9/site-packages/obspy/io/stationxml/core.py:91: UserWarning: The StationXML file has version 1.2, ObsPy can read versions (1.0, 1.1). Proceed with caution.
  warnings.warn("The StationXML file has version %s, ObsPy can "
2022-07-01T00:00:00.000000Z
2022-08-01T00:00:00.000000Z
2022-05-01T00:00:00.000000Z
/mnt/ceph/beau4371/.conda/envs/keeya_env/lib/python3.9/site-packages/obspy/io/stationxml/core.py:91: UserWarning: The StationXML file has version 1.2, ObsPy can read versions (1.0, 1.1). Proceed with caution.
  warnings.warn("The StationXML file has version %s, ObsPy can "
[121]
1
/mnt/ceph/beau4371/.conda/envs/keeya_env/lib/python3.9/site-packages/obspy/io/stationxml/core.py:91: UserWarning: The StationXML file has version 1.2, ObsPy can read versions (1.0, 1.1). Proceed with caution.
  warnings.warn("The StationXML file has version %s, ObsPy can "
/mnt/ceph/beau4371/.conda/envs/keeya_env/lib/python3.9/site-packages/obspy/io/stationxml/core.py:91: UserWarning: The StationXML file has version 1.2, ObsPy can read versions (1.0, 1.1). Proceed with caution.
  warnings.warn("The StationXML file has version %s, ObsPy can "
[121]
1
/mnt/ceph/beau4371/.conda/envs/keeya_env/lib/python3.9/site-packages/obspy/io/stationxml/core.py:91: UserWarning: The StationXML file has version 1.2, ObsPy can read versions (1.0, 1.1). Proceed with caution.
  warnings.warn("The StationXML file has version %s, ObsPy can "
/mnt/ceph/beau4371/.conda/envs/keeya_env/lib/python3.9/site-packages/obspy/io/stationxml/core.py:91: UserWarning: The StationXML file has version 1.2, ObsPy can read versions (1.0, 1.1). Proceed with caution.
  warnings.warn("The StationXML file has version %s, ObsPy can "
[121]
1
[121]
1
/mnt/ceph/beau4371/.conda/envs/keeya_env/lib/python3.9/site-packages/obspy/io/stationxml/core.py:91: UserWarning: The StationXML file has version 1.2, ObsPy can read versions (1.0, 1.1). Proceed with caution.
  warnings.warn("The StationXML file has version %s, ObsPy can "
/mnt/ceph/beau4371/.conda/envs/keeya_env/lib/python3.9/site-packages/obspy/io/stationxml/core.py:91: UserWarning: The StationXML file has version 1.2, ObsPy can read versions (1.0, 1.1). Proceed with caution.
  warnings.warn("The StationXML file has version %s, ObsPy can "
/mnt/ceph/beau4371/.conda/envs/keeya_env/lib/python3.9/site-packages/obspy/io/stationxml/core.py:91: UserWarning: The StationXML file has version 1.2, ObsPy can read versions (1.0, 1.1). Proceed with caution.
  warnings.warn("The StationXML file has version %s, ObsPy can "
2022-07-01T00:00:00.000000Z
2022-08-01T00:00:00.000000Z
2022-05-03T00:00:00.000000Z
/mnt/ceph/beau4371/.conda/envs/keeya_env/lib/python3.9/site-packages/obspy/io/stationxml/core.py:91: UserWarning: The StationXML file has version 1.2, ObsPy can read versions (1.0, 1.1). Proceed with caution.
  warnings.warn("The StationXML file has version %s, ObsPy can "
/mnt/ceph/beau4371/.conda/envs/keeya_env/lib/python3.9/site-packages/obspy/io/stationxml/core.py:91: UserWarning: The StationXML file has version 1.2, ObsPy can read versions (1.0, 1.1). Proceed with caution.
  warnings.warn("The StationXML file has version %s, ObsPy can "
/mnt/ceph/beau4371/.conda/envs/keeya_env/lib/python3.9/site-packages/obspy/io/stationxml/core.py:91: UserWarning: The StationXML file has version 1.2, ObsPy can read versions (1.0, 1.1). Proceed with caution.
  warnings.warn("The StationXML file has version %s, ObsPy can "
/mnt/ceph/beau4371/.conda/envs/keeya_env/lib/python3.9/site-packages/obspy/io/stationxml/core.py:91: UserWarning: The StationXML file has version 1.2, ObsPy can read versions (1.0, 1.1). Proceed with caution.
  warnings.warn("The StationXML file has version %s, ObsPy can "
2022-07-01T00:00:00.000000Z
2022-08-01T00:00:00.000000Z
2022-05-03T00:00:00.000000Z
/mnt/ceph/beau4371/.conda/envs/keeya_env/lib/python3.9/site-packages/obspy/io/stationxml/core.py:91: UserWarning: The StationXML file has version 1.2, ObsPy can read versions (1.0, 1.1). Proceed with caution.
  warnings.warn("The StationXML file has version %s, ObsPy can "
2022-07-01T00:00:00.000000Z
2022-08-01T00:00:00.000000Z
2022-05-01T05:20:32.000000Z
Traceback (most recent call last):
  File "/data/stor/proj/Tremor_Comp/wf_analysis/melt_season_comp.py", line 35, in <module>
    t = np.arange(0, station_rem[0].stats.npts / station_rem[0].stats.sampling_rate, station_rem[0].stats.delta)
  File "/mnt/ceph/beau4371/.conda/envs/keeya_env/lib/python3.9/site-packages/obspy/core/stream.py", line 643, in __getitem__
    return self.traces.__getitem__(index)
IndexError: list index out of range
/mnt/ceph/beau4371/.conda/envs/keeya_env/lib/python3.9/site-packages/obspy/io/stationxml/core.py:91: UserWarning: The StationXML file has version 1.2, ObsPy can read versions (1.0, 1.1). Proceed with caution.
  warnings.warn("The StationXML file has version %s, ObsPy can "
/mnt/ceph/beau4371/.conda/envs/keeya_env/lib/python3.9/site-packages/obspy/io/stationxml/core.py:91: UserWarning: The StationXML file has version 1.2, ObsPy can read versions (1.0, 1.1). Proceed with caution.
  warnings.warn("The StationXML file has version %s, ObsPy can "
/mnt/ceph/beau4371/.conda/envs/keeya_env/lib/python3.9/site-packages/obspy/io/stationxml/core.py:91: UserWarning: The StationXML file has version 1.2, ObsPy can read versions (1.0, 1.1). Proceed with caution.
  warnings.warn("The StationXML file has version %s, ObsPy can "
2022-07-01T00:00:00.000000Z
2022-08-01T00:00:00.000000Z
2022-05-02T00:00:00.000000Z
/mnt/ceph/beau4371/.conda/envs/keeya_env/lib/python3.9/site-packages/obspy/io/stationxml/core.py:91: UserWarning: The StationXML file has version 1.2, ObsPy can read versions (1.0, 1.1). Proceed with caution.
  warnings.warn("The StationXML file has version %s, ObsPy can "
/mnt/ceph/beau4371/.conda/envs/keeya_env/lib/python3.9/site-packages/obspy/io/stationxml/core.py:91: UserWarning: The StationXML file has version 1.2, ObsPy can read versions (1.0, 1.1). Proceed with caution.
  warnings.warn("The StationXML file has version %s, ObsPy can "
/mnt/ceph/beau4371/.conda/envs/keeya_env/lib/python3.9/site-packages/obspy/io/stationxml/core.py:91: UserWarning: The StationXML file has version 1.2, ObsPy can read versions (1.0, 1.1). Proceed with caution.
  warnings.warn("The StationXML file has version %s, ObsPy can "
2022-07-01T00:00:00.000000Z
2022-08-01T00:00:00.000000Z
2022-05-02T00:00:00.000000Z
